#-----------------------------------------------------------
# xsim v2019.1 (64-bit)
# SW Build 2552052 on Fri May 24 14:47:09 MDT 2019
# IP Build 2548770 on Fri May 24 18:01:18 MDT 2019
# Start of session at: Sat Aug 28 18:14:52 2021
# Process ID: 22427
# Current directory: /home/edoardo/Desktop/VGA_project/work/sim
# Command line: xsim -log /home/edoardo/Desktop/VGA_project/work/sim/../../log/simulate.log -source {xsim.dir/display_tb/xsim_script.tcl}
# Log file: /home/edoardo/Desktop/VGA_project/work/sim/../../log/simulate.log
# Journal file: /home/edoardo/Desktop/VGA_project/work/sim/xsim.jou
#-----------------------------------------------------------
start_gui
source xsim.dir/display_tb/xsim_script.tcl
# set_param project.enableReportConfiguration 0
# load_feature core
# current_fileset
INFO: [IP_Flow 19-234] Refreshing IP repositories
INFO: [IP_Flow 19-1704] No user IP repositories specified
INFO: [IP_Flow 19-2313] Loaded Vivado IP repository '/tools/Xilinx/Vivado/2019.1/data/ip'.
# xsim {display_tb} -wdb {display_tb.wdb} -autoloadwcfg -tclbatch {/home/edoardo/Desktop/VGA_project/work/sim/../../scripts/sim/run.tcl} -onerror stop -stats
Vivado Simulator 2019.1
Time resolution is 1 ps
source /home/edoardo/Desktop/VGA_project/work/sim/../../scripts/sim/run.tcl
## set tclStart [clock seconds]
## set scriptsDir [pwd]/../../scripts
## if { [info procs relaunch] eq "" } {
## 
##    source -notrace -quiet ${scriptsDir}/sim/relaunch.tcl ;  ## but do this only once !
## }
## if { [file exists ${scriptsDir}/sim/probe.tcl] } {
## 
##    source -notrace -quiet ${scriptsDir}/sim/probe.tcl ;   ## use a dedicated script for this task
## }
## run all
$finish called at time : 100300 ns : File "/home/edoardo/Desktop/VGA_project/bench/display_tb.v" Line 42
run: Time (s): cpu = 00:00:16 ; elapsed = 00:00:13 . Memory (MB): peak = 8267.602 ; gain = 0.000 ; free physical = 354 ; free virtual = 12212
## if { [current_vcd -quiet] != "" } {
## 
##    flush_vcd [current_vcd]
##    close_vcd [current_vcd]
## }
## puts "Simulation finished at [current_time]"
Simulation finished at 100300 ns
## set tclStop [clock seconds]
## set tclSeconds [expr ${tclStop} - ${tclStart} ]
## puts "\nTotal elapsed-time for [file normalize [info script]]: [format "%.2f" [expr ${tclSeconds}/60.]] minutes\n"

Total elapsed-time for /home/edoardo/Desktop/VGA_project/scripts/sim/run.tcl: 0.23 minutes

xsim: Time (s): cpu = 00:00:27 ; elapsed = 00:00:16 . Memory (MB): peak = 8267.602 ; gain = 80.871 ; free physical = 354 ; free virtual = 12212
exit
INFO: Simulation Memory Usage: 120068 KB (Peak: 173240 KB)
INFO: Simulation CPU Usage: 4050 ms
INFO: [Common 17-206] Exiting xsim at Sat Aug 28 18:18:31 2021...
